\BOOKMARK [0][-]{chapter.1}{Una\040introducci\363n\040a\040LaTeX}{}% 1
\BOOKMARK [1][-]{section.1.1}{Hola\040Mundo:\040Primer\040documento\040con\040LaTeX}{chapter.1}% 2
\BOOKMARK [2][-]{subsection.1.1.1}{Instalando\040un\040entorno\040LaTeX}{section.1.1}% 3
\BOOKMARK [2][-]{subsection.1.1.2}{Un\040primer\040documento}{section.1.1}% 4
\BOOKMARK [1][-]{section.1.2}{Formato\040y\040maquetaci\363n}{chapter.1}% 5
\BOOKMARK [2][-]{subsection.1.2.1}{Dando\040estructura:\040secciones,\040subsecciones,\040p\341rrafos\040y\040m\341s}{section.1.2}% 6
\BOOKMARK [2][-]{subsection.1.2.2}{Dando\040formato:\040negritas,\040cursivas\040y\040dem\341s\040tipo\040de\040letra}{section.1.2}% 7
\BOOKMARK [2][-]{subsection.1.2.3}{Entornos\040menos\040b\341sicos:\040listas,\040tablas,\040im\341genes\040y\040m\341s}{section.1.2}% 8
\BOOKMARK [3][-]{subsubsection.1.2.3.1}{Listas}{subsection.1.2.3}% 9
\BOOKMARK [3][-]{subsubsection.1.2.3.2}{Im\341genes}{subsection.1.2.3}% 10
\BOOKMARK [3][-]{subsubsection.1.2.3.3}{Tablas}{subsection.1.2.3}% 11
\BOOKMARK [3][-]{subsubsection.1.2.3.4}{Notas\040al\040pie}{subsection.1.2.3}% 12
\BOOKMARK [3][-]{subsubsection.1.2.3.5}{Etiquetas\040y\040referencias}{subsection.1.2.3}% 13
\BOOKMARK [1][-]{section.1.3}{Matem\341ticas\040en\040LaTeX}{chapter.1}% 14
\BOOKMARK [2][-]{subsection.1.3.1}{Sub\355ndices\040y\040super\355ndices,\040fracciones\040y\040ra\355ces}{section.1.3}% 15
\BOOKMARK [2][-]{subsection.1.3.2}{Matrices}{section.1.3}% 16
\BOOKMARK [2][-]{subsection.1.3.3}{Delimitadores}{section.1.3}% 17
\BOOKMARK [2][-]{subsection.1.3.4}{S\355mbolos,\040operadores\040y\040texto}{section.1.3}% 18
\BOOKMARK [2][-]{subsection.1.3.5}{Caracteres\040en\040otras\040fuentes}{section.1.3}% 19
\BOOKMARK [2][-]{subsection.1.3.6}{Entornos\040matem\341ticos}{section.1.3}% 20
\BOOKMARK [1][-]{section.1.4}{Preguntas\040frecuentes}{chapter.1}% 21
\BOOKMARK [0][-]{chapter.2}{LaTeX\040avanzado}{}% 22
\BOOKMARK [1][-]{section.2.1}{\277C\363mo\040funciona\040LaTeX?}{chapter.2}% 23
\BOOKMARK [1][-]{section.2.2}{LaTeX\040para\040usuarios\040avanzados}{chapter.2}% 24
\BOOKMARK [2][-]{subsection.2.2.1}{\277D\363nde\040est\341n\040documentados\040los\040paquetes?}{section.2.2}% 25
\BOOKMARK [2][-]{subsection.2.2.2}{Cambiando\040los\040m\341rgenes\040del\040documento}{section.2.2}% 26
\BOOKMARK [2][-]{subsection.2.2.3}{Manejando\040documentos\040grandes\040con\040varios\040archivos}{section.2.2}% 27
\BOOKMARK [2][-]{subsection.2.2.4}{C\363mo\040personalizar\040la\040tabla\040de\040contenidos\040y\040la\040numeraci\363n\040de\040secciones}{section.2.2}% 28
\BOOKMARK [2][-]{subsection.2.2.5}{Referencias\040todav\355a\040m\341s\040autom\341ticas:\040fancyref}{section.2.2}% 29
\BOOKMARK [2][-]{subsection.2.2.6}{Estilos\040de\040p\341gina:\040pies\040y\040cabeceras}{section.2.2}% 30
\BOOKMARK [2][-]{subsection.2.2.7}{Dibujos\040y\040gr\341ficas\040de\040funciones\040con\040c\363digo\040LaTeX:\040Tikz}{section.2.2}% 31
\BOOKMARK [2][-]{subsection.2.2.8}{Un\040compilador\040m\341s\040completo:\040latexmk}{section.2.2}% 32
\BOOKMARK [2][-]{subsection.2.2.9}{Beamer:\040presentaciones\040con\040LaTeX\040\(o\040c\363mo\040dije\040adi\363s\040a\040Powerpoint\)}{section.2.2}% 33
\BOOKMARK [1][-]{section.2.3}{Ampliando\040LaTeX:\040Desarrollo\040de\040comandos,\040entornos,\040paquetes\040y\040clases}{chapter.2}% 34
\BOOKMARK [2][-]{subsection.2.3.1}{Comandos\040y\040entornos}{section.2.3}% 35
\BOOKMARK [3][-]{subsubsection.2.3.1.1}{Manejo\040avanzado\040de\040argumentos}{subsection.2.3.1}% 36
\BOOKMARK [3][-]{subsubsection.2.3.1.2}{Comandos\040de\040bajo\040nivel\040TeX\040y\040expansi\363n\040de\040argumentos}{subsection.2.3.1}% 37
\BOOKMARK [2][-]{subsection.2.3.2}{Paquetes\040y\040clases}{section.2.3}% 38
\BOOKMARK [2][-]{subsection.2.3.3}{Paquetes\040auxiliares\040para\040el\040desarrollo}{section.2.3}% 39
\BOOKMARK [0][-]{chapter.3}{Manual\040paquetes\040extendidos}{}% 40
\BOOKMARK [1][-]{section.3.1}{Introducci\363n:\040\277qu\351\040podemos\040hacer\040con\040los\040paquetes\040extendidos?}{chapter.3}% 41
\BOOKMARK [1][-]{section.3.2}{Estructura\040de\040los\040paquetes\040extendidos}{chapter.3}% 42
\BOOKMARK [1][-]{section.3.3}{Documentaci\363n\040de\040los\040paquetes}{chapter.3}% 43
\BOOKMARK [2][-]{subsection.3.3.1}{exmath.sty:\040Comandos\040y\040entornos\040adicionales\040de\040matem\341ticas}{section.3.3}% 44
\BOOKMARK [3][-]{subsubsection.3.3.1.1}{Entornos\040para\040teoremas\040y\040similares}{subsection.3.3.1}% 45
\BOOKMARK [3][-]{subsubsection.3.3.1.2}{Definiciones\040y\040conceptos}{subsection.3.3.1}% 46
\BOOKMARK [3][-]{subsubsection.3.3.1.3}{Ejercicios}{subsection.3.3.1}% 47
\BOOKMARK [3][-]{subsubsection.3.3.1.4}{Im\341genes}{subsection.3.3.1}% 48
\BOOKMARK [3][-]{subsubsection.3.3.1.5}{Comandos\040adicionales}{subsection.3.3.1}% 49
\BOOKMARK [2][-]{subsection.3.3.2}{fancysprefs.sty:\040Referencias\040mejoradas}{section.3.3}% 50
\BOOKMARK [2][-]{subsection.3.3.3}{MathUnicode.sty:\040Letras\040griegas\040directamente\040desde\040el\040teclado}{section.3.3}% 51
\BOOKMARK [2][-]{subsection.3.3.4}{tikztools.sty:\040Herramientas\040y\040comandos\040extra\040para\040Tikz}{section.3.3}% 52
\BOOKMARK [2][-]{subsection.3.3.5}{fastbuild.sty:\040Recortando\040los\040tiempos\040de\040compilaci\363n}{section.3.3}% 53
\BOOKMARK [2][-]{subsection.3.3.6}{apuntes.cls:\040La\040base\040para\040crear\040documentos\040de\040apuntes}{section.3.3}% 54
\BOOKMARK [3][-]{subsubsection.3.3.6.1}{Cabecera\040de\040p\341ginas}{subsection.3.3.6}% 55
\BOOKMARK [3][-]{subsubsection.3.3.6.2}{Portada}{subsection.3.3.6}% 56
\BOOKMARK [2][-]{subsection.3.3.7}{ejercicios.cls:\040documentos\040simples\040y\040entrega\040de\040ejercicios}{section.3.3}% 57
\BOOKMARK [0][-]{appendix.Alph1}{Comandos}{}% 58
\BOOKMARK [0][-]{section*.8}{\315ndice\040alfab\351tico}{}% 59
